Build started 02.04.2015 15:16:11.
     1>Project "C:\Users\jfperren\Git\opengl-terrain\build\terrain_generating\terrain_generating.vcxproj" on node 5 (Build target(s)).
     1>C:\Program Files (x86)\MSBuild\Microsoft.Cpp\v4.0\V120\Microsoft.CppBuild.targets(388,5): warning MSB8028: The intermediate directory (terrain_generating.dir\Debug\) contains files shared from another project (terrain_generating.vcxproj).  This can lead to incorrect clean and rebuild behavior.
     1>ClCompile:
         C:\Program Files (x86)\Microsoft Visual Studio 12.0\VC\bin\x86_amd64\CL.exe /c /I"C:\Users\jfperren\Git\opengl-terrain\external\glfw\include" /I"C:\Users\jfperren\Git\opengl-terrain\external\glew\include" /I"C:\Users\jfperren\Git\opengl-terrain\external" /I"C:\Users\jfperren\Git\opengl-terrain\external\eigen\include" /I"C:\Users\jfperren\Git\opengl-terrain\common" /I"C:\Users\jfperren\Git\opengl-terrain\external\AntTweakBar\include" /Zi /nologo /W3 /WX- /Od /Ob0 /D WIN32 /D _WINDOWS /D _DEBUG /D GLEW_STATIC /D HEADERONLY /D USE_EIGEN /D WITH_ANTTWEAKBAR /D "CMAKE_INTDIR=\"Debug\"" /D _MBCS /Gm- /EHsc /RTC1 /MDd /GS /fp:precise /Zc:wchar_t /Zc:forScope /GR /Fo"terrain_generating.dir\Debug\\" /Fd"terrain_generating.dir\Debug\vc120.pdb" /Gd /TP /errorReport:prompt "C:\Users\jfperren\Git\opengl-terrain\terrain_generating\main.cpp"
         main.cpp
     1>C:\Users\jfperren\Git\opengl-terrain\external\OpenGP/GL/glfw_helpers.h(131): warning C4244: 'initializing' : conversion from 'double' to 'float', possible loss of data
     1>C:\Users\jfperren\Git\opengl-terrain\external\OpenGP/GL/glfw_helpers.h(136): warning C4244: 'initializing' : conversion from 'double' to 'float', possible loss of data
     1>C:\Users\jfperren\Git\opengl-terrain\external\OpenGP/GL/glfw_helpers.h(142): warning C4305: '=' : truncation from 'double' to 'float'
     1>C:\Users\jfperren\Git\opengl-terrain\external\OpenGP/GL/glfw_helpers.h(177): warning C4244: '=' : conversion from 'double' to 'float', possible loss of data
     1>c:\users\jfperren\git\opengl-terrain\external\opengp\surface_mesh\IO_obj.cpp(51): warning C4996: 'fopen': This function or variable may be unsafe. Consider using fopen_s instead. To disable deprecation, use _CRT_SECURE_NO_WARNINGS. See online help for details.
                 C:\Program Files (x86)\Microsoft Visual Studio 12.0\VC\include\stdio.h(211) : see declaration of 'fopen'
     1>c:\users\jfperren\git\opengl-terrain\external\opengp\surface_mesh\IO_obj.cpp(68): warning C4996: 'sscanf': This function or variable may be unsafe. Consider using sscanf_s instead. To disable deprecation, use _CRT_SECURE_NO_WARNINGS. See online help for details.
                 C:\Program Files (x86)\Microsoft Visual Studio 12.0\VC\include\stdio.h(304) : see declaration of 'sscanf'
     1>c:\users\jfperren\git\opengl-terrain\external\opengp\surface_mesh\IO_obj.cpp(76): warning C4996: 'sscanf': This function or variable may be unsafe. Consider using sscanf_s instead. To disable deprecation, use _CRT_SECURE_NO_WARNINGS. See online help for details.
                 C:\Program Files (x86)\Microsoft Visual Studio 12.0\VC\include\stdio.h(304) : see declaration of 'sscanf'
     1>c:\users\jfperren\git\opengl-terrain\external\opengp\surface_mesh\IO_obj.cpp(86): warning C4996: 'sscanf': This function or variable may be unsafe. Consider using sscanf_s instead. To disable deprecation, use _CRT_SECURE_NO_WARNINGS. See online help for details.
                 C:\Program Files (x86)\Microsoft Visual Studio 12.0\VC\include\stdio.h(304) : see declaration of 'sscanf'
     1>c:\users\jfperren\git\opengl-terrain\external\opengp\surface_mesh\IO_obj.cpp(198): warning C4996: 'fopen': This function or variable may be unsafe. Consider using fopen_s instead. To disable deprecation, use _CRT_SECURE_NO_WARNINGS. See online help for details.
                 C:\Program Files (x86)\Microsoft Visual Studio 12.0\VC\include\stdio.h(211) : see declaration of 'fopen'
     1>c:\users\jfperren\git\opengl-terrain\external\opengp\surface_mesh\IO_off.cpp(64): warning C4996: 'fscanf': This function or variable may be unsafe. Consider using fscanf_s instead. To disable deprecation, use _CRT_SECURE_NO_WARNINGS. See online help for details.
                 C:\Program Files (x86)\Microsoft Visual Studio 12.0\VC\include\stdio.h(230) : see declaration of 'fscanf'
     1>c:\users\jfperren\git\opengl-terrain\external\opengp\surface_mesh\IO_off.cpp(77): warning C4996: 'sscanf': This function or variable may be unsafe. Consider using sscanf_s instead. To disable deprecation, use _CRT_SECURE_NO_WARNINGS. See online help for details.
                 C:\Program Files (x86)\Microsoft Visual Studio 12.0\VC\include\stdio.h(304) : see declaration of 'sscanf'
     1>c:\users\jfperren\git\opengl-terrain\external\opengp\surface_mesh\IO_off.cpp(85): warning C4996: 'sscanf': This function or variable may be unsafe. Consider using sscanf_s instead. To disable deprecation, use _CRT_SECURE_NO_WARNINGS. See online help for details.
                 C:\Program Files (x86)\Microsoft Visual Studio 12.0\VC\include\stdio.h(304) : see declaration of 'sscanf'
     1>c:\users\jfperren\git\opengl-terrain\external\opengp\surface_mesh\IO_off.cpp(95): warning C4996: 'sscanf': This function or variable may be unsafe. Consider using sscanf_s instead. To disable deprecation, use _CRT_SECURE_NO_WARNINGS. See online help for details.
                 C:\Program Files (x86)\Microsoft Visual Studio 12.0\VC\include\stdio.h(304) : see declaration of 'sscanf'
     1>c:\users\jfperren\git\opengl-terrain\external\opengp\surface_mesh\IO_off.cpp(97): warning C4305: 'argument' : truncation from 'double' to 'const float'
     1>c:\users\jfperren\git\opengl-terrain\external\opengp\surface_mesh\IO_off.cpp(106): warning C4996: 'sscanf': This function or variable may be unsafe. Consider using sscanf_s instead. To disable deprecation, use _CRT_SECURE_NO_WARNINGS. See online help for details.
                 C:\Program Files (x86)\Microsoft Visual Studio 12.0\VC\include\stdio.h(304) : see declaration of 'sscanf'
     1>c:\users\jfperren\git\opengl-terrain\external\opengp\surface_mesh\IO_off.cpp(125): warning C4996: 'sscanf': This function or variable may be unsafe. Consider using sscanf_s instead. To disable deprecation, use _CRT_SECURE_NO_WARNINGS. See online help for details.
                 C:\Program Files (x86)\Microsoft Visual Studio 12.0\VC\include\stdio.h(304) : see declaration of 'sscanf'
     1>c:\users\jfperren\git\opengl-terrain\external\opengp\surface_mesh\IO_off.cpp(133): warning C4996: 'sscanf': This function or variable may be unsafe. Consider using sscanf_s instead. To disable deprecation, use _CRT_SECURE_NO_WARNINGS. See online help for details.
                 C:\Program Files (x86)\Microsoft Visual Studio 12.0\VC\include\stdio.h(304) : see declaration of 'sscanf'
     1>c:\users\jfperren\git\opengl-terrain\external\opengp\surface_mesh\IO_off.cpp(239): warning C4996: 'fopen': This function or variable may be unsafe. Consider using fopen_s instead. To disable deprecation, use _CRT_SECURE_NO_WARNINGS. See online help for details.
                 C:\Program Files (x86)\Microsoft Visual Studio 12.0\VC\include\stdio.h(211) : see declaration of 'fopen'
     1>c:\users\jfperren\git\opengl-terrain\external\opengp\surface_mesh\IO_off.cpp(268): warning C4996: 'fopen': This function or variable may be unsafe. Consider using fopen_s instead. To disable deprecation, use _CRT_SECURE_NO_WARNINGS. See online help for details.
                 C:\Program Files (x86)\Microsoft Visual Studio 12.0\VC\include\stdio.h(211) : see declaration of 'fopen'
     1>c:\users\jfperren\git\opengl-terrain\external\opengp\surface_mesh\IO_off.cpp(290): warning C4996: 'fopen': This function or variable may be unsafe. Consider using fopen_s instead. To disable deprecation, use _CRT_SECURE_NO_WARNINGS. See online help for details.
                 C:\Program Files (x86)\Microsoft Visual Studio 12.0\VC\include\stdio.h(211) : see declaration of 'fopen'
     1>c:\users\jfperren\git\opengl-terrain\external\opengp\surface_mesh\IO_poly.cpp(45): warning C4996: 'fopen': This function or variable may be unsafe. Consider using fopen_s instead. To disable deprecation, use _CRT_SECURE_NO_WARNINGS. See online help for details.
                 C:\Program Files (x86)\Microsoft Visual Studio 12.0\VC\include\stdio.h(211) : see declaration of 'fopen'
     1>c:\users\jfperren\git\opengl-terrain\external\opengp\surface_mesh\IO_poly.cpp(75): warning C4267: '=' : conversion from 'size_t' to 'unsigned int', possible loss of data
     1>c:\users\jfperren\git\opengl-terrain\external\opengp\surface_mesh\IO_poly.cpp(76): warning C4267: '=' : conversion from 'size_t' to 'unsigned int', possible loss of data
     1>c:\users\jfperren\git\opengl-terrain\external\opengp\surface_mesh\IO_poly.cpp(77): warning C4267: '=' : conversion from 'size_t' to 'unsigned int', possible loss of data
     1>c:\users\jfperren\git\opengl-terrain\external\opengp\surface_mesh\IO_poly.cpp(78): warning C4267: '=' : conversion from 'size_t' to 'unsigned int', possible loss of data
     1>c:\users\jfperren\git\opengl-terrain\external\opengp\surface_mesh\IO_stl.cpp(89): warning C4996: 'fopen': This function or variable may be unsafe. Consider using fopen_s instead. To disable deprecation, use _CRT_SECURE_NO_WARNINGS. See online help for details.
                 C:\Program Files (x86)\Microsoft Visual Studio 12.0\VC\include\stdio.h(211) : see declaration of 'fopen'
     1>c:\users\jfperren\git\opengl-terrain\external\opengp\surface_mesh\IO_stl.cpp(105): warning C4996: 'fopen': This function or variable may be unsafe. Consider using fopen_s instead. To disable deprecation, use _CRT_SECURE_NO_WARNINGS. See online help for details.
                 C:\Program Files (x86)\Microsoft Visual Studio 12.0\VC\include\stdio.h(211) : see declaration of 'fopen'
     1>c:\users\jfperren\git\opengl-terrain\external\opengp\surface_mesh\IO_stl.cpp(178): warning C4996: 'sscanf': This function or variable may be unsafe. Consider using sscanf_s instead. To disable deprecation, use _CRT_SECURE_NO_WARNINGS. See online help for details.
                 C:\Program Files (x86)\Microsoft Visual Studio 12.0\VC\include\stdio.h(304) : see declaration of 'sscanf'
     1>c:\users\jfperren\git\opengl-terrain\external\opengp\Surface_mesh.cpp(379): warning C4267: 'initializing' : conversion from 'size_t' to 'const unsigned int', possible loss of data
     1>c:\users\jfperren\git\opengl-terrain\terrain_generating\_grid/grid.h(64): warning C4267: '=' : conversion from 'size_t' to 'GLuint', possible loss of data
     1>C:\Users\jfperren\Git\opengl-terrain\terrain_generating\main.cpp(104): warning C4305: 'argument' : truncation from 'double' to 'GLclampf'
       Link:
         C:\Program Files (x86)\Microsoft Visual Studio 12.0\VC\bin\x86_amd64\link.exe /ERRORREPORT:PROMPT /OUT:"C:\Users\jfperren\Git\opengl-terrain\build\terrain_generating\Debug\terrain_generating.exe" /INCREMENTAL /NOLOGO kernel32.lib user32.lib gdi32.lib winspool.lib shell32.lib ole32.lib oleaut32.lib uuid.lib comdlg32.lib advapi32.lib glu32.lib opengl32.lib ..\..\external\glfw\lib\x64\GLFW64.lib ..\..\external\glew\lib\x64\glew64.lib ..\..\external\AntTweakBar\lib\x64\AntTweakBar64.lib /MANIFEST /MANIFESTUAC:"level='asInvoker' uiAccess='false'" /manifest:embed /DEBUG /PDB:"C:/Users/jfperren/Git/opengl-terrain/build/terrain_generating/Debug/terrain_generating.pdb" /SUBSYSTEM:CONSOLE /TLBID:1 /DYNAMICBASE /NXCOMPAT /IMPLIB:"C:/Users/jfperren/Git/opengl-terrain/build/terrain_generating/Debug/terrain_generating.lib" /MACHINE:X64  /machine:x64 /debug terrain_generating.dir\Debug\main.obj
     1>LINK : warning LNK4098: defaultlib 'MSVCRT' conflicts with use of other libs; use /NODEFAULTLIB:library
     1>LINK : warning LNK4098: defaultlib 'LIBCMT' conflicts with use of other libs; use /NODEFAULTLIB:library
     1>GLFW64.lib(enable.obj) : warning LNK4099: PDB 'vc120.pdb' was not found with 'GLFW64.lib(enable.obj)' or at 'C:\Users\jfperren\Git\opengl-terrain\build\terrain_generating\Debug\vc120.pdb'; linking object as if no debug info
     1>GLFW64.lib(glext.obj) : warning LNK4099: PDB 'vc120.pdb' was not found with 'GLFW64.lib(glext.obj)' or at 'C:\Users\jfperren\Git\opengl-terrain\build\terrain_generating\Debug\vc120.pdb'; linking object as if no debug info
     1>GLFW64.lib(image.obj) : warning LNK4099: PDB 'vc120.pdb' was not found with 'GLFW64.lib(image.obj)' or at 'C:\Users\jfperren\Git\opengl-terrain\build\terrain_generating\Debug\vc120.pdb'; linking object as if no debug info
     1>GLFW64.lib(init.obj) : warning LNK4099: PDB 'vc120.pdb' was not found with 'GLFW64.lib(init.obj)' or at 'C:\Users\jfperren\Git\opengl-terrain\build\terrain_generating\Debug\vc120.pdb'; linking object as if no debug info
     1>GLFW64.lib(input.obj) : warning LNK4099: PDB 'vc120.pdb' was not found with 'GLFW64.lib(input.obj)' or at 'C:\Users\jfperren\Git\opengl-terrain\build\terrain_generating\Debug\vc120.pdb'; linking object as if no debug info
     1>GLFW64.lib(stream.obj) : warning LNK4099: PDB 'vc120.pdb' was not found with 'GLFW64.lib(stream.obj)' or at 'C:\Users\jfperren\Git\opengl-terrain\build\terrain_generating\Debug\vc120.pdb'; linking object as if no debug info
     1>GLFW64.lib(tga.obj) : warning LNK4099: PDB 'vc120.pdb' was not found with 'GLFW64.lib(tga.obj)' or at 'C:\Users\jfperren\Git\opengl-terrain\build\terrain_generating\Debug\vc120.pdb'; linking object as if no debug info
     1>GLFW64.lib(win32_enable.obj) : warning LNK4099: PDB 'vc120.pdb' was not found with 'GLFW64.lib(win32_enable.obj)' or at 'C:\Users\jfperren\Git\opengl-terrain\build\terrain_generating\Debug\vc120.pdb'; linking object as if no debug info
     1>GLFW64.lib(win32_fullscreen.obj) : warning LNK4099: PDB 'vc120.pdb' was not found with 'GLFW64.lib(win32_fullscreen.obj)' or at 'C:\Users\jfperren\Git\opengl-terrain\build\terrain_generating\Debug\vc120.pdb'; linking object as if no debug info
     1>GLFW64.lib(win32_glext.obj) : warning LNK4099: PDB 'vc120.pdb' was not found with 'GLFW64.lib(win32_glext.obj)' or at 'C:\Users\jfperren\Git\opengl-terrain\build\terrain_generating\Debug\vc120.pdb'; linking object as if no debug info
     1>GLFW64.lib(win32_init.obj) : warning LNK4099: PDB 'vc120.pdb' was not found with 'GLFW64.lib(win32_init.obj)' or at 'C:\Users\jfperren\Git\opengl-terrain\build\terrain_generating\Debug\vc120.pdb'; linking object as if no debug info
     1>GLFW64.lib(win32_time.obj) : warning LNK4099: PDB 'vc120.pdb' was not found with 'GLFW64.lib(win32_time.obj)' or at 'C:\Users\jfperren\Git\opengl-terrain\build\terrain_generating\Debug\vc120.pdb'; linking object as if no debug info
     1>GLFW64.lib(win32_window.obj) : warning LNK4099: PDB 'vc120.pdb' was not found with 'GLFW64.lib(win32_window.obj)' or at 'C:\Users\jfperren\Git\opengl-terrain\build\terrain_generating\Debug\vc120.pdb'; linking object as if no debug info
     1>GLFW64.lib(window.obj) : warning LNK4099: PDB 'vc120.pdb' was not found with 'GLFW64.lib(window.obj)' or at 'C:\Users\jfperren\Git\opengl-terrain\build\terrain_generating\Debug\vc120.pdb'; linking object as if no debug info
     1>glew64.lib(glew.obj) : warning LNK4099: PDB 'vc120.pdb' was not found with 'glew64.lib(glew.obj)' or at 'C:\Users\jfperren\Git\opengl-terrain\build\terrain_generating\Debug\vc120.pdb'; linking object as if no debug info
         terrain_generating.vcxproj -> C:\Users\jfperren\Git\opengl-terrain\build\terrain_generating\Debug\terrain_generating.exe
     1>Done Building Project "C:\Users\jfperren\Git\opengl-terrain\build\terrain_generating\terrain_generating.vcxproj" (Build target(s)).

Build succeeded.

Time Elapsed 00:00:09.51
