Build started 11.04.2015 14:41:54.
     1>Project "C:\Users\jfperren\Git\opengl-terrain\build\ZERO_CHECK.vcxproj" on node 2 (Build target(s)).
     1>CustomBuild:
         Checking Build System
         CMake is re-running because generate.stamp.list is missing.
         -- Building for: Visual Studio 12 2013
         -- The C compiler identification is MSVC 18.0.30501.0
         -- The CXX compiler identification is MSVC 18.0.30501.0
         -- Check for working C compiler using: Visual Studio 12 2013
         -- Check for working C compiler using: Visual Studio 12 2013 -- works
         -- Detecting C compiler ABI info
         -- Detecting C compiler ABI info - done
         -- Check for working CXX compiler using: Visual Studio 12 2013
         -- Check for working CXX compiler using: Visual Studio 12 2013 -- works
         -- Detecting CXX compiler ABI info
         -- Detecting CXX compiler ABI info - done
         -- Detecting CXX compile features
         -- Detecting CXX compile features - done
         -- Intro to Graphics - Loading Common Configuration
         -- Found GLFW: C:/Users/jfperren/Git/opengl-terrain/external/glfw/lib/win32/GLFW.lib
         -- Found GLEW: C:/Users/jfperren/Git/opengl-terrain/external/glew/lib/win32/glew32s.lib
         -- Found OpenGL: opengl32  
         -- Could NOT find PkgConfig (missing:  PKG_CONFIG_EXECUTABLE) 
         -- Found ANTTWEAKBAR: C:/Users/jfperren/Git/opengl-terrain/external/AntTweakBar/lib/win32/AntTweakBar.lib
         -- Configuring done
         -- Generating done
         -- Build files have been written to: C:/Users/jfperren/Git/opengl-terrain/build
     1>Done Building Project "C:\Users\jfperren\Git\opengl-terrain\build\ZERO_CHECK.vcxproj" (Build target(s)).

Build succeeded.

Time Elapsed 00:00:12.56
